<?xml version="1.0" encoding="UTF-8"?>
<!-- Generated by org.testng.reporters.JUnitXMLReporter -->
<testsuite hostname="Profiler-VAIO" name="Test1" tests="1" failures="1" timestamp="17 Oct 2014 18:58:30 GMT" time="41.517" errors="0">
  <testcase name="testGoogleSearch" time="33.302" classname="com.mycompany.app.pages.GoogleSearch">
    <failure type="org.openqa.selenium.NoSuchElementException" message="Unable to find element with id == gbqfq (WARNING: The server did not provide any stacktrace information)
Command duration or timeout: 30.28 seconds
For documentation on this error, please visit: http://seleniumhq.org/exceptions/no_such_element.html
Build info: version: &amp;apos;2.40.0&amp;apos;, revision: &amp;apos;4c5c0568b004f67810ee41c459549aa4b09c651e&amp;apos;, time: &amp;apos;2014-02-19 11:13:01&amp;apos;
System info: host: &amp;apos;Profiler-VAIO&amp;apos;, ip: &amp;apos;128.96.8.14&amp;apos;, os.name: &amp;apos;Windows 7&amp;apos;, os.arch: &amp;apos;amd64&amp;apos;, os.version: &amp;apos;6.1&amp;apos;, java.version: &amp;apos;1.8.0_20&amp;apos;
Driver info: org.openqa.selenium.ie.InternetExplorerDriver
Capabilities [{nativeEvents=true, browserName=internet explorer, takesScreenshot=true, javascriptEnabled=true, handlesAlerts=true, version=9, cssSelectorsEnabled=true, platform=WINDOWS}]
Session ID: 0e85bb5d-da8b-4527-b183-dc46fb78bfee">
      <![CDATA[org.openqa.selenium.NoSuchElementException: Unable to find element with id == gbqfq (WARNING: The server did not provide any stacktrace information)
Command duration or timeout: 30.28 seconds
For documentation on this error, please visit: http://seleniumhq.org/exceptions/no_such_element.html
Build info: version: '2.40.0', revision: '4c5c0568b004f67810ee41c459549aa4b09c651e', time: '2014-02-19 11:13:01'
System info: host: 'Profiler-VAIO', ip: '128.96.8.14', os.name: 'Windows 7', os.arch: 'amd64', os.version: '6.1', java.version: '1.8.0_20'
Driver info: org.openqa.selenium.ie.InternetExplorerDriver
Capabilities [{nativeEvents=true, browserName=internet explorer, takesScreenshot=true, javascriptEnabled=true, handlesAlerts=true, version=9, cssSelectorsEnabled=true, platform=WINDOWS}]
Session ID: 0e85bb5d-da8b-4527-b183-dc46fb78bfee
	at org.openqa.selenium.remote.ErrorHandler.createThrowable(ErrorHandler.java:193)
	at org.openqa.selenium.remote.ErrorHandler.throwIfResponseFailed(ErrorHandler.java:145)
	at org.openqa.selenium.remote.RemoteWebDriver.execute(RemoteWebDriver.java:573)
	at org.openqa.selenium.remote.RemoteWebDriver.findElement(RemoteWebDriver.java:326)
	at org.openqa.selenium.remote.RemoteWebDriver.findElementById(RemoteWebDriver.java:367)
	at org.openqa.selenium.By$ById.findElement(By.java:214)
	at org.openqa.selenium.remote.RemoteWebDriver.findElement(RemoteWebDriver.java:318)
	at com.mycompany.app.pages.GoogleSearch.testGoogleSearch(GoogleSearch.java:20)
... Removed 31 stack frames]]>
    </failure>
  </testcase> <!-- testGoogleSearch -->
</testsuite> <!-- Test1 -->
